<?xml version="1.0" encoding="UTF-8"?>
<!-- Generated by org.testng.reporters.JUnitXMLReporter -->
<testsuite hostname="vibhav" ignored="0" name="Test" tests="3" failures="0" timestamp="02 May 2021 11:24:05 GMT" time="60.311" errors="0">
  <testcase name="printtitle" time="1.922" classname="com.Testcases.Itemcount_incart_checkout"/>
  <testcase name="totallinksonpage" time="0.448" classname="com.Testcases.Itemcount_incart_checkout"/>
  <testcase name="Enteritem_checkout" time="24.969" classname="com.Testcases.Itemcount_incart_checkout"/>
</testsuite> <!-- Test -->
