<?xml version="1.0" encoding="UTF-8"?>
<testsuite xmlns:xsi="http://www.w3.org/2001/XMLSchema-instance" xsi:noNamespaceSchemaLocation="https://maven.apache.org/surefire/maven-surefire-plugin/xsd/surefire-test-report-3.0.xsd" version="3.0" name="TestSuite" time="65.058" tests="3" errors="0" skipped="0" failures="0">
  <properties>
[...]
</properties>
  <testcase name="printtitle" classname="com.Testcases.Itemcount_incart_checkout" time="1.865">
    <system-out><![CDATA[Setting up reports and Test is getting ready
Setting Done and Test can be Started
Trying to start the browser and getting application ready
Browser and Application up and Running
Amazon.com: Online Shopping for Electronics, Apparel, Computers, Books, DVDs & more
]]></system-out>
    <system-err><![CDATA[Starting ChromeDriver 2.41.578737 (49da6702b16031c40d63e5618de03a32ff6c197e) on port 19895
Only local connections are allowed.
[1619954593.613][WARNING]: Timed out connecting to Chrome, retrying...
May 02, 2021 4:53:15 PM org.openqa.selenium.remote.ProtocolHandshake createSession
INFO: Detected dialect: OSS
[1619954597.936][WARNING]: Timed out connecting to Chrome, retrying...
]]></system-err>
  </testcase>
  <testcase name="totallinksonpage" classname="com.Testcases.Itemcount_incart_checkout" time="0.448">
    <system-out><![CDATA[Test is about to End
Test Completed>>> Reports Generated
287
]]></system-out>
  </testcase>
  <testcase name="Enteritem_checkout" classname="com.Testcases.Itemcount_incart_checkout" time="24.974">
    <system-out><![CDATA[Test is about to End
Test Completed>>> Reports Generated
The Item count in cart is 1
]]></system-out>
  </testcase>
</testsuite>