<?xml version="1.0" encoding="UTF-8"?>
<!-- Generated by org.testng.reporters.JUnitXMLReporter -->
<testsuite hostname="vibhav" ignored="0" name="Default test" tests="3" failures="0" timestamp="24 Apr 2021 20:10:41 GMT" time="57.617" errors="0">
  <testcase name="printtitle" time="2.214" classname="com.Testcases.Itemcount_incart_checkout"/>
  <testcase name="totallinksonpage" time="0.987" classname="com.Testcases.Itemcount_incart_checkout"/>
  <testcase name="Enteritem_checkout" time="28.302" classname="com.Testcases.Itemcount_incart_checkout"/>
</testsuite> <!-- Default test -->
